<?xml version="1.0" encoding="UTF-8"?>
<!-- Generated by org.testng.reporters.JUnitReportReporter -->
<testsuite skipped="0" hostname="LT-1R00PN2" name="POMpkg.Test.Logout" tests="1" failures="0" timestamp="07 Aug 2020 23:37:08 GMT" time="17.497" errors="0">
  <testcase name="doLogout" time="17.497" classname="POMpkg.Test.Logout"/>
</testsuite> <!-- POMpkg.Test.Logout -->
